\BOOKMARK [0][-]{chapter*.2}{Don't\040Panic!}{}% 1
\BOOKMARK [0][-]{chapter*.3}{Kleine\040Leseanleitung}{}% 2
\BOOKMARK [0][-]{chapter.1}{Fachschaftika?\040Kann\040man\040das\040essen?}{}% 3
\BOOKMARK [1][-]{section.1.1}{Die\040Fachschaft}{chapter.1}% 4
\BOOKMARK [1][-]{section.1.2}{Aufgaben\040der\040Fachschaft}{chapter.1}% 5
\BOOKMARK [1][-]{section.1.3}{Kontakt}{chapter.1}% 6
\BOOKMARK [1][-]{section.1.4}{Andere\040Fachschaften}{chapter.1}% 7
\BOOKMARK [0][-]{chapter.2}{Computer\040und\040Internet}{}% 8
\BOOKMARK [1][-]{section.2.1}{CIP-Pools}{chapter.2}% 9
\BOOKMARK [1][-]{section.2.2}{Online-Dienste\040der\040LMU}{chapter.2}% 10
\BOOKMARK [1][-]{section.2.3}{E-Mail}{chapter.2}% 11
\BOOKMARK [1][-]{section.2.4}{IRC}{chapter.2}% 12
\BOOKMARK [1][-]{section.2.5}{Internet\040/\040WLAN}{chapter.2}% 13
\BOOKMARK [0][-]{chapter.3}{Vorlesungszeit}{}% 14
\BOOKMARK [1][-]{section.3.1}{Veranstaltungen}{chapter.3}% 15
\BOOKMARK [1][-]{section.3.2}{Der\040Stundenplan}{chapter.3}% 16
\BOOKMARK [1][-]{section.3.3}{Zentraler\040Hochschulsport\040\(ZHS\)}{chapter.3}% 17
\BOOKMARK [1][-]{section.3.4}{Musik}{chapter.3}% 18
\BOOKMARK [1][-]{section.3.5}{Kino}{chapter.3}% 19
\BOOKMARK [1][-]{section.3.6}{Essen}{chapter.3}% 20
\BOOKMARK [0][-]{chapter.4}{Vorlesungsfreie\040Zeit}{}% 21
\BOOKMARK [1][-]{section.4.1}{Klausuren\040und\040Protokolle}{chapter.4}% 22
\BOOKMARK [0][-]{chapter.5}{Bibliotheken}{}% 23
\BOOKMARK [1][-]{section.5.1}{Bücher}{chapter.5}% 24
\BOOKMARK [1][-]{section.5.2}{Recherche\040im\040OPAC}{chapter.5}% 25
\BOOKMARK [1][-]{section.5.3}{Verhalten\040in\040der\040Bibliothek}{chapter.5}% 26
\BOOKMARK [1][-]{section.5.4}{Ausleihe}{chapter.5}% 27
\BOOKMARK [1][-]{section.5.5}{Die wichtigsten Bibliotheken für dich}{chapter.5}% 28
\BOOKMARK [0][-]{chapter.6}{Café Gumbel}{}% 29
\BOOKMARK [0][-]{chapter.7}{Kalender}{}% 30
\BOOKMARK [0][-]{chapter.8}{Hilfe\040und\040Beratung}{}% 31
\BOOKMARK [1][-]{section.8.1}{Erste\040Hilfe:\040GAF}{chapter.8}% 32
\BOOKMARK [1][-]{section.8.2}{Webforen\040und\040Kommilitonen}{chapter.8}% 33
\BOOKMARK [1][-]{section.8.3}{Probleme\040mit\040Lehrveranstaltungen\040oder\040Lehrpersonal}{chapter.8}% 34
\BOOKMARK [1][-]{section.8.4}{Ansprechpartner nach Studiengängen}{chapter.8}% 35
\BOOKMARK [1][-]{section.8.5}{Prüfungsamt}{chapter.8}% 36
\BOOKMARK [1][-]{section.8.6}{Studentenkanzlei}{chapter.8}% 37
\BOOKMARK [1][-]{section.8.7}{Studieren\040mit\040Kind}{chapter.8}% 38
\BOOKMARK [1][-]{section.8.8}{Die\040Frauenbeauftragten}{chapter.8}% 39
\BOOKMARK [1][-]{section.8.9}{Studieren\040mit\040Behinderung}{chapter.8}% 40
\BOOKMARK [1][-]{section.8.10}{Student\040und\040Arbeitsmarkt}{chapter.8}% 41
\BOOKMARK [1][-]{section.8.11}{Psychosoziale\040Beratung}{chapter.8}% 42
\BOOKMARK [1][-]{section.8.12}{Weitere\040Beratung\040des\040Studentenwerks}{chapter.8}% 43
\BOOKMARK [1][-]{section.8.13}{Nightline München}{chapter.8}% 44
\BOOKMARK [1][-]{section.8.14}{Kirchliche\040Beratung}{chapter.8}% 45
\BOOKMARK [0][-]{chapter.9}{Ausland\040und\040Praktika}{}% 46
\BOOKMARK [1][-]{section.9.1}{Auslandsstudium}{chapter.9}% 47
\BOOKMARK [1][-]{section.9.2}{Finanzierung}{chapter.9}% 48
\BOOKMARK [1][-]{section.9.3}{Praktika\040im\040In-\040und\040Ausland}{chapter.9}% 49
\BOOKMARK [0][-]{chapter.10}{Geld}{}% 50
\BOOKMARK [1][-]{section.10.1}{Studentenwerksbeitrag}{chapter.10}% 51
\BOOKMARK [1][-]{section.10.2}{Krankenversicherung}{chapter.10}% 52
\BOOKMARK [1][-]{section.10.3}{BAföG}{chapter.10}% 53
\BOOKMARK [1][-]{section.10.4}{Jobben}{chapter.10}% 54
\BOOKMARK [1][-]{section.10.5}{Stipendien}{chapter.10}% 55
\BOOKMARK [0][-]{chapter.11}{Ankommen in München}{}% 56
\BOOKMARK [1][-]{section.11.1}{Ummeldung – Zweitwohnsitz}{chapter.11}% 57
\BOOKMARK [1][-]{section.11.2}{Wohnen}{chapter.11}% 58
\BOOKMARK [1][-]{section.11.3}{Rundfunkbeitrag}{chapter.11}% 59
\BOOKMARK [1][-]{section.11.4}{Mülltrennung}{chapter.11}% 60
\BOOKMARK [0][-]{chapter.12}{Fortbewegung}{}% 61
\BOOKMARK [1][-]{section.12.1}{Fahrrad}{chapter.12}% 62
\BOOKMARK [1][-]{section.12.2}{MVV}{chapter.12}% 63
\BOOKMARK [1][-]{section.12.3}{Auto}{chapter.12}% 64
\BOOKMARK [0][-]{appendix.A}{Gebäudeübersichten}{}% 65
\BOOKMARK [0][-]{appendix.B}{Rätselseite}{}% 66
\BOOKMARK [0][-]{appendix.C}{Abkürzungen}{}% 67
